<?xml version="1.0" encoding="utf-8"?><testsuites name="pytest tests"><testsuite name="pytest" errors="0" failures="0" skipped="0" tests="5" time="5.915" timestamp="2026-05-16T10:55:57.816255+00:00" hostname="agent-env-af27fcc0-0187-4566-8092-29ec2147f598"><testcase classname="backend.tests.test_api" name="test_health" time="0.359" /><testcase classname="backend.tests.test_api" name="test_root" time="0.195" /><testcase classname="backend.tests.test_api" name="test_tts_generates_audio" time="2.980" /><testcase classname="backend.tests.test_api" name="test_tts_cache_hit_fast_and_file_exists" time="2.151" /><testcase classname="backend.tests.test_api" name="test_tts_validation_empty_text" time="0.166" /></testsuite></testsuites>